\BOOKMARK [1][-]{section*.2}{Abbildungsverzeichnis}{}% 1
\BOOKMARK [1][-]{section*.3}{Tabellenverzeichnis}{}% 2
\BOOKMARK [1][-]{section*.4}{Listingverzeichnis}{}% 3
\BOOKMARK [1][-]{section.1}{Einleitung}{}% 4
\BOOKMARK [1][-]{section.2}{Elementares Konzept und Randbedingungen}{}% 5
\BOOKMARK [2][-]{subsection.2.1}{Zielsetzung}{section.2}% 6
\BOOKMARK [2][-]{subsection.2.2}{Vorgehensweise}{section.2}% 7
\BOOKMARK [2][-]{subsection.2.3}{AntMe!}{section.2}% 8
\BOOKMARK [1][-]{section.3}{Dokumentation des AntMe!-Projektes}{}% 9
\BOOKMARK [2][-]{subsection.3.1}{Strategie}{section.3}% 10
\BOOKMARK [3][-]{subsubsection.3.1.1}{\334berblick}{subsection.3.1}% 11
\BOOKMARK [3][-]{subsubsection.3.1.2}{Kasten}{subsection.3.1}% 12
\BOOKMARK [3][-]{subsubsection.3.1.3}{Fortbewegung}{subsection.3.1}% 13
\BOOKMARK [3][-]{subsubsection.3.1.4}{Kommunikation}{subsection.3.1}% 14
\BOOKMARK [3][-]{subsubsection.3.1.5}{Tick}{subsection.3.1}% 15
\BOOKMARK [3][-]{subsubsection.3.1.6}{Kampf}{subsection.3.1}% 16
\BOOKMARK [3][-]{subsubsection.3.1.7}{Nahrung}{subsection.3.1}% 17
\BOOKMARK [2][-]{subsection.3.2}{Messwerte}{section.3}% 18
\BOOKMARK [3][-]{subsubsection.3.2.1}{Rahmenbedingungen der Messreihe}{subsection.3.2}% 19
\BOOKMARK [3][-]{subsubsection.3.2.2}{Einzelspieler}{subsection.3.2}% 20
\BOOKMARK [3][-]{subsubsection.3.2.3}{Mehrspieler}{subsection.3.2}% 21
\BOOKMARK [1][-]{section.4}{Zusammenfassung}{}% 22
\BOOKMARK [1][-]{section*.13}{Anhang}{}% 23
\BOOKMARK [1][-]{section*.37}{Quellenverzeichnis}{}% 24
\BOOKMARK [1][-]{section*.38}{Ehrenw\366rtliche Erkl\344rung}{}% 25
\BOOKMARK [1][-]{section*.39}{Ehrenw\366rtliche Erkl\344rung}{}% 26
