\BOOKMARK [1][-]{section*.2}{Abbildungsverzeichnis}{}% 1
\BOOKMARK [1][-]{section*.3}{Tabellenverzeichnis}{}% 2
\BOOKMARK [1][-]{section*.4}{Listingverzeichnis}{}% 3
\BOOKMARK [1][-]{section.1}{Elementares Konzept und Randbedingungen}{}% 4
\BOOKMARK [2][-]{subsection.1.1}{Zielsetzung}{section.1}% 5
\BOOKMARK [2][-]{subsection.1.2}{Vorgehensweise}{section.1}% 6
\BOOKMARK [2][-]{subsection.1.3}{AntMe!}{section.1}% 7
\BOOKMARK [1][-]{section.2}{Elementares Konzept und Randbedingungen}{}% 8
\BOOKMARK [2][-]{subsection.2.1}{Zielsetzung}{section.2}% 9
\BOOKMARK [2][-]{subsection.2.2}{Vorgehensweise}{section.2}% 10
\BOOKMARK [2][-]{subsection.2.3}{AntMe!}{section.2}% 11
\BOOKMARK [1][-]{section.3}{Elementares Konzept und Randbedingungen}{}% 12
\BOOKMARK [2][-]{subsection.3.1}{Zielsetzung}{section.3}% 13
\BOOKMARK [2][-]{subsection.3.2}{Vorgehensweise}{section.3}% 14
\BOOKMARK [2][-]{subsection.3.3}{AntMe!}{section.3}% 15
\BOOKMARK [1][-]{section.4}{Elementares Konzept und Randbedingungen}{}% 16
\BOOKMARK [2][-]{subsection.4.1}{Zielsetzung}{section.4}% 17
\BOOKMARK [2][-]{subsection.4.2}{Vorgehensweise}{section.4}% 18
\BOOKMARK [2][-]{subsection.4.3}{AntMe!}{section.4}% 19
\BOOKMARK [1][-]{section.5}{Elementares Konzept und Randbedingungen}{}% 20
\BOOKMARK [2][-]{subsection.5.1}{Zielsetzung}{section.5}% 21
\BOOKMARK [2][-]{subsection.5.2}{Vorgehensweise}{section.5}% 22
\BOOKMARK [2][-]{subsection.5.3}{AntMe!}{section.5}% 23
\BOOKMARK [1][-]{section.6}{Elementares Konzept und Randbedingungen}{}% 24
\BOOKMARK [2][-]{subsection.6.1}{Zielsetzung}{section.6}% 25
\BOOKMARK [2][-]{subsection.6.2}{Vorgehensweise}{section.6}% 26
\BOOKMARK [2][-]{subsection.6.3}{AntMe!}{section.6}% 27
\BOOKMARK [1][-]{section.7}{Elementares Konzept und Randbedingungen}{}% 28
\BOOKMARK [2][-]{subsection.7.1}{Zielsetzung}{section.7}% 29
\BOOKMARK [2][-]{subsection.7.2}{Vorgehensweise}{section.7}% 30
\BOOKMARK [2][-]{subsection.7.3}{AntMe!}{section.7}% 31
\BOOKMARK [1][-]{section*.12}{Anhang}{}% 32
