\BOOKMARK [1][-]{section*.2}{Abbildungsverzeichnis}{}% 1
\BOOKMARK [1][-]{section*.3}{Tabellenverzeichnis}{}% 2
\BOOKMARK [1][-]{section*.4}{Listingverzeichnis}{}% 3
\BOOKMARK [1][-]{section.1}{Das Team}{}% 4
\BOOKMARK [2][-]{subsection.1.1}{Teamfoto}{section.1}% 5
\BOOKMARK [1][-]{section.2}{Ziel des Projekts}{}% 6
\BOOKMARK [2][-]{subsection.2.1}{Zielsetzung}{section.2}% 7
\BOOKMARK [2][-]{subsection.2.2}{Vorgehensweise}{section.2}% 8
\BOOKMARK [2][-]{subsection.2.3}{AntMe!}{section.2}% 9
\BOOKMARK [1][-]{section.3}{Benutzerhandbuch}{}% 10
\BOOKMARK [1][-]{section.4}{Projektplanung}{}% 11
\BOOKMARK [2][-]{subsection.4.1}{Pflichtenheft}{section.4}% 12
\BOOKMARK [2][-]{subsection.4.2}{Projektablaufplan}{section.4}% 13
\BOOKMARK [2][-]{subsection.4.3}{Planung der Software}{section.4}% 14
\BOOKMARK [3][-]{subsubsection.4.3.1}{Planung der Mockups}{subsection.4.3}% 15
\BOOKMARK [3][-]{subsubsection.4.3.2}{Planung der Datenstrukturen und Schnittstellen}{subsection.4.3}% 16
\BOOKMARK [3][-]{subsubsection.4.3.3}{Planung der Activities und Layouts}{subsection.4.3}% 17
\BOOKMARK [3][-]{subsubsection.4.3.4}{Planung der Navigation und des Datenaustausches zwischen den Activities}{subsection.4.3}% 18
\BOOKMARK [2][-]{subsection.4.4}{Geplante Aufgabenverteilung im Team}{section.4}% 19
\BOOKMARK [1][-]{section.5}{Beschreibung des Projektverlaufs}{}% 20
\BOOKMARK [2][-]{subsection.5.1}{Tats\344chliche Aufgabenverteilung im Team}{section.5}% 21
\BOOKMARK [2][-]{subsection.5.2}{Teammeetingprotokolle}{section.5}% 22
\BOOKMARK [2][-]{subsection.5.3}{Projekttageb\374cher aller Teammitglieder}{section.5}% 23
\BOOKMARK [2][-]{subsection.5.4}{Beschreibung von Problemen}{section.5}% 24
\BOOKMARK [1][-]{section.6}{Dokumentation der Software}{}% 25
\BOOKMARK [2][-]{subsection.6.1}{Dokumentation der Paketstruktur des Android-Projektes}{section.6}% 26
\BOOKMARK [2][-]{subsection.6.2}{Dokumentation der Activities}{section.6}% 27
\BOOKMARK [3][-]{subsubsection.6.2.1}{Activity 1}{subsection.6.2}% 28
\BOOKMARK [3][-]{subsubsection.6.2.2}{Activity 2}{subsection.6.2}% 29
\BOOKMARK [3][-]{subsubsection.6.2.3}{Activity 3}{subsection.6.2}% 30
\BOOKMARK [3][-]{subsubsection.6.2.4}{Activity 4}{subsection.6.2}% 31
\BOOKMARK [3][-]{subsubsection.6.2.5}{Activity 5}{subsection.6.2}% 32
\BOOKMARK [3][-]{subsubsection.6.2.6}{Activity 6}{subsection.6.2}% 33
\BOOKMARK [3][-]{subsubsection.6.2.7}{Activity 7}{subsection.6.2}% 34
\BOOKMARK [3][-]{subsubsection.6.2.8}{Activity etc.}{subsection.6.2}% 35
\BOOKMARK [2][-]{subsection.6.3}{Dokumentation der Navigation und des Datenaustauschs zwischen Activities}{section.6}% 36
\BOOKMARK [2][-]{subsection.6.4}{Dokumentation der Activity-ubergreifenden, persistenten Datenhaltung}{section.6}% 37
\BOOKMARK [2][-]{subsection.6.5}{Dokumentation der Activity-ubergreifenden Klassen}{section.6}% 38
\BOOKMARK [1][-]{section.7}{Fazits aller Teammitglieder}{}% 39
\BOOKMARK [2][-]{subsection.7.1}{Jannik Maes}{section.7}% 40
\BOOKMARK [2][-]{subsection.7.2}{Sven Kuczera}{section.7}% 41
\BOOKMARK [2][-]{subsection.7.3}{Henryk Schaffrath}{section.7}% 42
\BOOKMARK [2][-]{subsection.7.4}{Benedikt Burczek}{section.7}% 43
\BOOKMARK [1][-]{section*.5}{Anhang}{}% 44
\BOOKMARK [1][-]{section*.29}{Quellenverzeichnis}{}% 45
\BOOKMARK [1][-]{section*.30}{Ehrenw\366rtliche Erkl\344rung}{}% 46
